#
# A fatal error has been detected by the Java Runtime Environment:
#
#  Internal Error (exceptions.cpp:427), pid=18277, tid=140394422576896
#  fatal error: ExceptionMark destructor expects no pending exceptions
#
# JRE version: Java(TM) SE Runtime Environment (8.0_66-b17) (build 1.8.0_66-b17)
# Java VM: Java HotSpot(TM) 64-Bit Server VM (25.66-b17 mixed mode linux-amd64 compressed oops)
# Failed to write core dump. Core dumps have been disabled. To enable core dumping, try "ulimit -c unlimited" before starting Java again
#
# If you would like to submit a bug report, please visit:
#   http://bugreport.java.com/bugreport/crash.jsp
#

---------------  T H R E A D  ---------------

Current thread (0x00007fb0540c1000):  JavaThread "Signal Dispatcher" daemon [_thread_in_vm, id=18296, stack(0x00007fb01f9fa000,0x00007fb01fafb000)]

Stack: [0x00007fb01f9fa000,0x00007fb01fafb000],  sp=0x00007fb01faf8550,  free space=1017k
Native frames: (J=compiled Java code, j=interpreted, Vv=VM code, C=native code)
V  [libjvm.so+0xab9a1a]  VMError::report_and_die()+0x2ba
V  [libjvm.so+0x4f98b9]  report_fatal(char const*, int, char const*)+0x59
V  [libjvm.so+0x57bad0]  ExceptionMark::~ExceptionMark()+0xb0
V  [libjvm.so+0x31c154]  AttachListener::init()+0x64
V  [libjvm.so+0x31c700]  AttachListener::is_init_trigger()+0x100
V  [libjvm.so+0x9132fd]  signal_thread_entry(JavaThread*, Thread*)+0x32d
V  [libjvm.so+0xa68fff]  JavaThread::thread_main_inner()+0xdf
V  [libjvm.so+0xa6912c]  JavaThread::run()+0x11c
V  [libjvm.so+0x91cc68]  java_start(Thread*)+0x108
C  [libpthread.so.0+0x752a]  start_thread+0xca


---------------  P R O C E S S  ---------------

Java Threads: ( => current thread )
  0x00007fafe005c000 JavaThread "CamelJettyClient(0x74fe5c40)-225" daemon [_thread_blocked, id=26523, stack(0x00007fb01d0a9000,0x00007fb01d1aa000)]
  0x00007fafe004b800 JavaThread "CamelJettyClient(0x74fe5c40)-224" daemon [_thread_blocked, id=26521, stack(0x00007fafc299c000,0x00007fafc2a9d000)]
  0x00007fafe004e800 JavaThread "CamelJettyClient(0x74fe5c40)-223" daemon [_thread_blocked, id=26520, stack(0x00007fb01d1aa000,0x00007fb01d2ab000)]
  0x00007fafe0052000 JavaThread "CamelJettyClient(0x74fe5c40)-220" daemon [_thread_blocked, id=25925, stack(0x00007fb01cea7000,0x00007fb01cfa8000)]
  0x00007fafe0078000 JavaThread "CamelJettyClient(0x74fe5c40)-216" daemon [_thread_blocked, id=25812, stack(0x00007fafc2b9e000,0x00007fafc2c9f000)]
  0x00007fafe006b000 JavaThread "CamelJettyClient(0x74fe5c40)-212" daemon [_thread_blocked, id=25682, stack(0x00007fb01cfa8000,0x00007fb01d0a9000)]
  0x00007fafe0055800 JavaThread "CamelJettyClient(0x74fe5c40)-205" daemon [_thread_blocked, id=25248, stack(0x00007fb01d2ab000,0x00007fb01d3ac000)]
  0x00007fafe0071000 JavaThread "CamelJettyClient(0x74fe5c40)-165" daemon [_thread_blocked, id=24060, stack(0x00007fafc2c9f000,0x00007fafc2da0000)]
  0x00007fb054659800 JavaThread "Camel (fileDriver) thread #0 - file:///data/discos-10-15" daemon [_thread_blocked, id=18304, stack(0x00007fb01daf6000,0x00007fb01dbf7000)]
  0x00007fb054315000 JavaThread "ReaderThread" [_thread_in_native, id=18303, stack(0x00007fb01f0dc000,0x00007fb01f1dd000)]
  0x00007fb0540e7000 JavaThread "Service Thread" daemon [_thread_blocked, id=18301, stack(0x00007fb01f4f5000,0x00007fb01f5f6000)]
  0x00007fb0540c9800 JavaThread "C1 CompilerThread3" daemon [_thread_blocked, id=18300, stack(0x00007fb01f5f6000,0x00007fb01f6f7000)]
  0x00007fb0540c7800 JavaThread "C2 CompilerThread2" daemon [_thread_blocked, id=18299, stack(0x00007fb01f6f7000,0x00007fb01f7f8000)]
  0x00007fb0540c5800 JavaThread "C2 CompilerThread1" daemon [_thread_blocked, id=18298, stack(0x00007fb01f7f8000,0x00007fb01f8f9000)]
  0x00007fb0540c2800 JavaThread "C2 CompilerThread0" daemon [_thread_blocked, id=18297, stack(0x00007fb01f8f9000,0x00007fb01f9fa000)]
=>0x00007fb0540c1000 JavaThread "Signal Dispatcher" daemon [_thread_in_vm, id=18296, stack(0x00007fb01f9fa000,0x00007fb01fafb000)]
  0x00007fb054088800 JavaThread "Finalizer" daemon [_thread_blocked, id=18295, stack(0x00007fb01fafb000,0x00007fb01fbfc000)]
  0x00007fb054086800 JavaThread "Reference Handler" daemon [_thread_blocked, id=18294, stack(0x00007fb01fbfc000,0x00007fb01fcfd000)]
  0x00007fb05400b000 JavaThread "main" [_thread_blocked, id=18279, stack(0x00007fb05d2a6000,0x00007fb05d3a7000)]

Other Threads:
  0x00007fb054081800 VMThread [stack: 0x00007fb01fcfd000,0x00007fb01fdfe000] [id=18293]
  0x00007fb0540ea000 WatcherThread [stack: 0x00007fb01f3f4000,0x00007fb01f4f5000] [id=18302]

VM state:synchronizing (normal execution)

VM Mutex/Monitor currently owned by a thread:  ([mutex/lock_event])
[0x00007fb0540084b0] Threads_lock - owner thread: 0x00007fb054081800
[0x00007fb0540089b0] Heap_lock - owner thread: 0x00007fb054659800

Heap:
 PSYoungGen      total 462336K, used 433664K [0x00000000d6a00000, 0x00000000f4980000, 0x0000000100000000)
  eden space 433664K, 100% used [0x00000000d6a00000,0x00000000f1180000,0x00000000f1180000)
  from space 28672K, 0% used [0x00000000f2d80000,0x00000000f2d80000,0x00000000f4980000)
  to   space 28672K, 0% used [0x00000000f1180000,0x00000000f1180000,0x00000000f2d80000)
 ParOldGen       total 1355776K, used 1355775K [0x0000000083e00000, 0x00000000d6a00000, 0x00000000d6a00000)
  object space 1355776K, 99% used [0x0000000083e00000,0x00000000d69fffe8,0x00000000d6a00000)
 Metaspace       used 18586K, capacity 18896K, committed 19328K, reserved 1067008K
  class space    used 2006K, capacity 2100K, committed 2176K, reserved 1048576K

Card table byte_map: [0x00007fb05a2d4000,0x00007fb05a6b6000] byte_map_base: 0x00007fb059eb5000

Marking Bits: (ParMarkBitMap*) 0x00007fb05c798020
 Begin Bits: [0x00007fb02c1f0000, 0x00007fb02e0f8000)
 End Bits:   [0x00007fb02e0f8000, 0x00007fb030000000)

Polling page: 0x00007fb05d3d5000

CodeCache: size=245760Kb used=15784Kb max_used=15975Kb free=229975Kb
 bounds [0x00007fb045000000, 0x00007fb046000000, 0x00007fb054000000]
 total_blobs=4848 nmethods=4459 adapters=301
 compilation: enabled

Compilation events (10 events):
Event: 18608.166 Thread 0x00007fb0540c5800 6512   !   4       java.util.concurrent.locks.AbstractQueuedSynchronizer::acquireQueued (93 bytes)
Event: 18610.673 Thread 0x00007fb0540c5800 nmethod 6512 0x00007fb045c98350 code [0x00007fb045c984e0, 0x00007fb045c98748]
Event: 18631.447 Thread 0x00007fb0540c2800 6513   !   4       org.eclipse.jetty.util.thread.QueuedThreadPool$3::run (466 bytes)
Event: 18633.929 Thread 0x00007fb0540c2800 nmethod 6513 0x00007fb045f322d0 code [0x00007fb045f327a0, 0x00007fb045f351b0]
Event: 19073.514 Thread 0x00007fb0540c7800 6514       4       org.eclipse.jetty.util.thread.QueuedThreadPool::access$600 (5 bytes)
Event: 19075.807 Thread 0x00007fb0540c7800 nmethod 6514 0x00007fb04580b950 code [0x00007fb04580bc80, 0x00007fb04580d5d8]
Event: 21010.571 Thread 0x00007fb0540c7800 6515 %     4       org.apache.log4j.Category::getEffectiveLevel @ 2 (28 bytes)
Event: 21010.573 Thread 0x00007fb0540c7800 nmethod 6515% 0x00007fb0456ae450 code [0x00007fb0456ae5a0, 0x00007fb0456ae678]
Event: 24922.191 Thread 0x00007fb0540c9800 6516       3       java.util.concurrent.locks.AbstractQueuedSynchronizer::shouldParkAfterFailedAcquire (50 bytes)
Event: 24922.343 Thread 0x00007fb0540c9800 nmethod 6516 0x00007fb045d47d10 code [0x00007fb045d47ea0, 0x00007fb045d481d0]

GC Heap History (10 events):
Event: 26456.286 GC heap before
{Heap before GC invocations=72768 (full 64557):
 PSYoungGen      total 462336K, used 433663K [0x00000000d6a00000, 0x00000000f4980000, 0x0000000100000000)
  eden space 433664K, 99% used [0x00000000d6a00000,0x00000000f117ffd8,0x00000000f1180000)
  from space 28672K, 0% used [0x00000000f2d80000,0x00000000f2d80000,0x00000000f4980000)
  to   space 28672K, 0% used [0x00000000f1180000,0x00000000f1180000,0x00000000f2d80000)
 ParOldGen       total 1355776K, used 1355774K [0x0000000083e00000, 0x00000000d6a00000, 0x00000000d6a00000)
  object space 1355776K, 99% used [0x0000000083e00000,0x00000000d69ff8c8,0x00000000d6a00000)
 Metaspace       used 18586K, capacity 18896K, committed 19328K, reserved 1067008K
  class space    used 2006K, capacity 2100K, committed 2176K, reserved 1048576K
Event: 26456.437 GC heap after
Heap after GC invocations=72768 (full 64557):
 PSYoungGen      total 462336K, used 433663K [0x00000000d6a00000, 0x00000000f4980000, 0x0000000100000000)
  eden space 433664K, 99% used [0x00000000d6a00000,0x00000000f117ffd8,0x00000000f1180000)
  from space 28672K, 0% used [0x00000000f2d80000,0x00000000f2d80000,0x00000000f4980000)
  to   space 28672K, 0% used [0x00000000f1180000,0x00000000f1180000,0x00000000f2d80000)
 ParOldGen       total 1355776K, used 1355774K [0x0000000083e00000, 0x00000000d6a00000, 0x00000000d6a00000)
  object space 1355776K, 99% used [0x0000000083e00000,0x00000000d69ff8c8,0x00000000d6a00000)
 Metaspace       used 18586K, capacity 18896K, committed 19328K, reserved 1067008K
  class space    used 2006K, capacity 2100K, committed 2176K, reserved 1048576K
}
Event: 26456.437 GC heap before
{Heap before GC invocations=72769 (full 64558):
 PSYoungGen      total 462336K, used 433664K [0x00000000d6a00000, 0x00000000f4980000, 0x0000000100000000)
  eden space 433664K, 100% used [0x00000000d6a00000,0x00000000f1180000,0x00000000f1180000)
  from space 28672K, 0% used [0x00000000f2d80000,0x00000000f2d80000,0x00000000f4980000)
  to   space 28672K, 0% used [0x00000000f1180000,0x00000000f1180000,0x00000000f2d80000)
 ParOldGen       total 1355776K, used 1355775K [0x0000000083e00000, 0x00000000d6a00000, 0x00000000d6a00000)
  object space 1355776K, 99% used [0x0000000083e00000,0x00000000d69fffc8,0x00000000d6a00000)
 Metaspace       used 18586K, capacity 18896K, committed 19328K, reserved 1067008K
  class space    used 2006K, capacity 2100K, committed 2176K, reserved 1048576K
Event: 26456.586 GC heap after
Heap after GC invocations=72769 (full 64558):
 PSYoungGen      total 462336K, used 433663K [0x00000000d6a00000, 0x00000000f4980000, 0x0000000100000000)
  eden space 433664K, 99% used [0x00000000d6a00000,0x00000000f117fff0,0x00000000f1180000)
  from space 28672K, 0% used [0x00000000f2d80000,0x00000000f2d80000,0x00000000f4980000)
  to   space 28672K, 0% used [0x00000000f1180000,0x00000000f1180000,0x00000000f2d80000)
 ParOldGen       total 1355776K, used 1355775K [0x0000000083e00000, 0x00000000d6a00000, 0x00000000d6a00000)
  object space 1355776K, 99% used [0x0000000083e00000,0x00000000d69ffd68,0x00000000d6a00000)
 Metaspace       used 18586K, capacity 18896K, committed 19328K, reserved 1067008K
  class space    used 2006K, capacity 2100K, committed 2176K, reserved 1048576K
}
Event: 26456.587 GC heap before
{Heap before GC invocations=72770 (full 64559):
 PSYoungGen      total 462336K, used 433663K [0x00000000d6a00000, 0x00000000f4980000, 0x0000000100000000)
  eden space 433664K, 99% used [0x00000000d6a00000,0x00000000f117fff0,0x00000000f1180000)
  from space 28672K, 0% used [0x00000000f2d80000,0x00000000f2d80000,0x00000000f4980000)
  to   space 28672K, 0% used [0x00000000f1180000,0x00000000f1180000,0x00000000f2d80000)
 ParOldGen       total 1355776K, used 1355775K [0x0000000083e00000, 0x00000000d6a00000, 0x00000000d6a00000)
  object space 1355776K, 99% used [0x0000000083e00000,0x00000000d69fffe8,0x00000000d6a00000)
 Metaspace       used 18586K, capacity 18896K, committed 19328K, reserved 1067008K
  class space    used 2006K, capacity 2100K, committed 2176K, reserved 1048576K
Event: 26456.759 GC heap after
Heap after GC invocations=72770 (full 64559):
 PSYoungGen      total 462336K, used 433663K [0x00000000d6a00000, 0x00000000f4980000, 0x0000000100000000)
  eden space 433664K, 99% used [0x00000000d6a00000,0x00000000f117fff0,0x00000000f1180000)
  from space 28672K, 0% used [0x00000000f2d80000,0x00000000f2d80000,0x00000000f4980000)
  to   space 28672K, 0% used [0x00000000f1180000,0x00000000f1180000,0x00000000f2d80000)
 ParOldGen       total 1355776K, used 1355775K [0x0000000083e00000, 0x00000000d6a00000, 0x00000000d6a00000)
  object space 1355776K, 99% used [0x0000000083e00000,0x00000000d69ffef8,0x00000000d6a00000)
 Metaspace       used 18586K, capacity 18896K, committed 19328K, reserved 1067008K
  class space    used 2006K, capacity 2100K, committed 2176K, reserved 1048576K
}
Event: 26456.759 GC heap before
{Heap before GC invocations=72771 (full 64560):
 PSYoungGen      total 462336K, used 433663K [0x00000000d6a00000, 0x00000000f4980000, 0x0000000100000000)
  eden space 433664K, 99% used [0x00000000d6a00000,0x00000000f117fff0,0x00000000f1180000)
  from space 28672K, 0% used [0x00000000f2d80000,0x00000000f2d80000,0x00000000f4980000)
  to   space 28672K, 0% used [0x00000000f1180000,0x00000000f1180000,0x00000000f2d80000)
 ParOldGen       total 1355776K, used 1355775K [0x0000000083e00000, 0x00000000d6a00000, 0x00000000d6a00000)
  object space 1355776K, 99% used [0x0000000083e00000,0x00000000d69fffa0,0x00000000d6a00000)
 Metaspace       used 18586K, capacity 18896K, committed 19328K, reserved 1067008K
  class space    used 2006K, capacity 2100K, committed 2176K, reserved 1048576K
Event: 26456.928 GC heap after
Heap after GC invocations=72771 (full 64560):
 PSYoungGen      total 462336K, used 433663K [0x00000000d6a00000, 0x00000000f4980000, 0x0000000100000000)
  eden space 433664K, 99% used [0x00000000d6a00000,0x00000000f117fff0,0x00000000f1180000)
  from space 28672K, 0% used [0x00000000f2d80000,0x00000000f2d80000,0x00000000f4980000)
  to   space 28672K, 0% used [0x00000000f1180000,0x00000000f1180000,0x00000000f2d80000)
 ParOldGen       total 1355776K, used 1355775K [0x0000000083e00000, 0x00000000d6a00000, 0x00000000d6a00000)
  object space 1355776K, 99% used [0x0000000083e00000,0x00000000d69fff68,0x00000000d6a00000)
 Metaspace       used 18586K, capacity 18896K, committed 19328K, reserved 1067008K
  class space    used 2006K, capacity 2100K, committed 2176K, reserved 1048576K
}
Event: 26456.928 GC heap before
{Heap before GC invocations=72772 (full 64561):
 PSYoungGen      total 462336K, used 433663K [0x00000000d6a00000, 0x00000000f4980000, 0x0000000100000000)
  eden space 433664K, 99% used [0x00000000d6a00000,0x00000000f117fff0,0x00000000f1180000)
  from space 28672K, 0% used [0x00000000f2d80000,0x00000000f2d80000,0x00000000f4980000)
  to   space 28672K, 0% used [0x00000000f1180000,0x00000000f1180000,0x00000000f2d80000)
 ParOldGen       total 1355776K, used 1355775K [0x0000000083e00000, 0x00000000d6a00000, 0x00000000d6a00000)
  object space 1355776K, 99% used [0x0000000083e00000,0x00000000d69fff68,0x00000000d6a00000)
 Metaspace       used 18586K, capacity 18896K, committed 19328K, reserved 1067008K
  class space    used 2006K, capacity 2100K, committed 2176K, reserved 1048576K
Event: 26457.075 GC heap after
Heap after GC invocations=72772 (full 64561):
 PSYoungGen      total 462336K, used 433663K [0x00000000d6a00000, 0x00000000f4980000, 0x0000000100000000)
  eden space 433664K, 99% used [0x00000000d6a00000,0x00000000f117ff38,0x00000000f1180000)
  from space 28672K, 0% used [0x00000000f2d80000,0x00000000f2d80000,0x00000000f4980000)
  to   space 28672K, 0% used [0x00000000f1180000,0x00000000f1180000,0x00000000f2d80000)
 ParOldGen       total 1355776K, used 1355775K [0x0000000083e00000, 0x00000000d6a00000, 0x00000000d6a00000)
  object space 1355776K, 99% used [0x0000000083e00000,0x00000000d69fff68,0x00000000d6a00000)
 Metaspace       used 18586K, capacity 18896K, committed 19328K, reserved 1067008K
  class space    used 2006K, capacity 2100K, committed 2176K, reserved 1048576K
}

Deoptimization events (10 events):
Event: 16316.602 Thread 0x00007fb0546f8800 Uncommon trap: reason=unstable_if action=reinterpret pc=0x00007fb045591a28 method=java.lang.Long.getChars(JI[C)V @ 24
Event: 16324.612 Thread 0x00007fb0546f8800 Uncommon trap: reason=unstable_if action=reinterpret pc=0x00007fb045984dc0 method=org.apache.camel.processor.MulticastProcessor$2.done(Z)V @ 55
Event: 16324.612 Thread 0x00007fb0546f8800 Uncommon trap: reason=unstable_if action=reinterpret pc=0x00007fb045984d94 method=org.apache.camel.processor.MulticastProcessor$2.done(Z)V @ 436
Event: 16329.843 Thread 0x00007fb0546f8800 Uncommon trap: reason=unloaded action=reinterpret pc=0x00007fb0458ab7cc method=sun.reflect.GeneratedMethodAccessor15.invoke(Ljava/lang/Object;[Ljava/lang/Object;)Ljava/lang/Object; @ 48
Event: 16331.486 Thread 0x00007fb0546f8800 Uncommon trap: reason=uninitialized action=reinterpret pc=0x00007fb045a723b0 method=org.apache.camel.util.ObjectHelper.invokeMethod(Ljava/lang/reflect/Method;Ljava/lang/Object;[Ljava/lang/Object;)Ljava/lang/Object; @ 19
Event: 16334.247 Thread 0x00007fb0546f8800 Uncommon trap: reason=unstable_if action=reinterpret pc=0x00007fb045fb7bc0 method=org.apache.camel.util.MessageHelper.extractValueForLogging(Ljava/lang/Object;Lorg/apache/camel/Message;Ljava/lang/String;ZZI)Ljava/lang/String; @ 125
Event: 16375.783 Thread 0x00007fb0546f8800 Uncommon trap: reason=null_check action=make_not_entrant pc=0x00007fb0459b18dc method=info.rmapproject.loader.ieee.IeeeLoadTest$1.lambda$4(Lorg/apache/camel/Exchange;Lorg/apache/camel/Exchange;)Lorg/apache/camel/Exchange; @ 44
Event: 16412.570 Thread 0x00007fb0546fc800 Uncommon trap: reason=unstable_if action=reinterpret pc=0x00007fb0456cc9c4 method=javax.crypto.Cipher.checkCipherState()V @ 11
Event: 16775.101 Thread 0x00007fafe0071000 Uncommon trap: reason=unloaded action=reinterpret pc=0x00007fb045da94ac method=org.eclipse.jetty.client.AsyncHttpConnection.handle()Lorg/eclipse/jetty/io/Connection; @ 809
Event: 18631.194 Thread 0x00007fafe006b000 Uncommon trap: reason=unstable_if action=reinterpret pc=0x00007fb045b21530 method=org.eclipse.jetty.util.thread.QueuedThreadPool$3.run()V @ 142

Internal exceptions (10 events):
Event: 26420.604 Thread 0x00007fb054659800 Exception <a 'java/lang/OutOfMemoryError'> (0x000000008419ed38) thrown at [/HUDSON/workspace/8-2-build-linux-amd64/jdk8u66/4988/hotspot/src/share/vm/gc_interface/collectedHeap.inline.hpp, line 159]
Event: 26424.557 Thread 0x00007fb054659800 Exception <a 'java/lang/OutOfMemoryError'> (0x000000008419ed38) thrown at [/HUDSON/workspace/8-2-build-linux-amd64/jdk8u66/4988/hotspot/src/share/vm/gc_interface/collectedHeap.inline.hpp, line 159]
Event: 26428.575 Thread 0x00007fb054659800 Exception <a 'java/lang/OutOfMemoryError'> (0x000000008419ed38) thrown at [/HUDSON/workspace/8-2-build-linux-amd64/jdk8u66/4988/hotspot/src/share/vm/gc_interface/collectedHeap.inline.hpp, line 159]
Event: 26432.629 Thread 0x00007fb054659800 Exception <a 'java/lang/OutOfMemoryError'> (0x000000008419ed38) thrown at [/HUDSON/workspace/8-2-build-linux-amd64/jdk8u66/4988/hotspot/src/share/vm/gc_interface/collectedHeap.inline.hpp, line 159]
Event: 26436.539 Thread 0x00007fb054659800 Exception <a 'java/lang/OutOfMemoryError'> (0x000000008419ed38) thrown at [/HUDSON/workspace/8-2-build-linux-amd64/jdk8u66/4988/hotspot/src/share/vm/gc_interface/collectedHeap.inline.hpp, line 159]
Event: 26441.127 Thread 0x00007fb054659800 Exception <a 'java/lang/OutOfMemoryError'> (0x000000008419ed38) thrown at [/HUDSON/workspace/8-2-build-linux-amd64/jdk8u66/4988/hotspot/src/share/vm/gc_interface/collectedHeap.inline.hpp, line 159]
Event: 26445.193 Thread 0x00007fb054659800 Exception <a 'java/lang/OutOfMemoryError'> (0x000000008419ed38) thrown at [/HUDSON/workspace/8-2-build-linux-amd64/jdk8u66/4988/hotspot/src/share/vm/gc_interface/collectedHeap.inline.hpp, line 159]
Event: 26449.289 Thread 0x00007fb054659800 Exception <a 'java/lang/OutOfMemoryError'> (0x000000008419ed38) thrown at [/HUDSON/workspace/8-2-build-linux-amd64/jdk8u66/4988/hotspot/src/share/vm/gc_interface/collectedHeap.inline.hpp, line 159]
Event: 26453.277 Thread 0x00007fb054659800 Exception <a 'java/lang/OutOfMemoryError'> (0x000000008419ed38) thrown at [/HUDSON/workspace/8-2-build-linux-amd64/jdk8u66/4988/hotspot/src/share/vm/gc_interface/collectedHeap.inline.hpp, line 159]
Event: 26457.075 Thread 0x00007fb0540c1000 Exception <a 'java/lang/OutOfMemoryError'> (0x000000008419ed38) thrown at [/HUDSON/workspace/8-2-build-linux-amd64/jdk8u66/4988/hotspot/src/share/vm/gc_interface/collectedHeap.inline.hpp, line 159]

Events (10 events):
Event: 26456.286 Executing VM operation: ParallelGCFailedAllocation done
Event: 26456.286 Executing VM operation: ParallelGCFailedAllocation
Event: 26456.437 Executing VM operation: ParallelGCFailedAllocation done
Event: 26456.437 Executing VM operation: ParallelGCFailedAllocation
Event: 26456.586 Executing VM operation: ParallelGCFailedAllocation done
Event: 26456.586 Executing VM operation: ParallelGCFailedAllocation
Event: 26456.759 Executing VM operation: ParallelGCFailedAllocation done
Event: 26456.759 Executing VM operation: ParallelGCFailedAllocation
Event: 26457.075 Executing VM operation: ParallelGCFailedAllocation done
Event: 26457.075 Executing VM operation: ParallelGCFailedAllocation


Dynamic libraries:
00400000-00401000 r-xp 00000000 08:13 533757                             /usr/java/jdk1.8.0_66/bin/java
00600000-00601000 rw-p 00000000 08:13 533757                             /usr/java/jdk1.8.0_66/bin/java
01b5f000-01b80000 rw-p 00000000 00:00 0                                  [heap]
83e00000-d6a00000 rw-p 00000000 00:00 0 
d6a00000-f4980000 rw-p 00000000 00:00 0 
f4980000-100000000 ---p 00000000 00:00 0 
100000000-100220000 rw-p 00000000 00:00 0 
100220000-140000000 ---p 00000000 00:00 0 
7faf94000000-7faf940e3000 rw-p 00000000 00:00 0 
7faf940e3000-7faf98000000 ---p 00000000 00:00 0 
7faf9c000000-7faf9c0c6000 rw-p 00000000 00:00 0 
7faf9c0c6000-7fafa0000000 ---p 00000000 00:00 0 
7fafa0000000-7fafa0040000 rw-p 00000000 00:00 0 
7fafa0040000-7fafa4000000 ---p 00000000 00:00 0 
7fafa4000000-7fafa40ca000 rw-p 00000000 00:00 0 
7fafa40ca000-7fafa8000000 ---p 00000000 00:00 0 
7fafa8000000-7fafa810a000 rw-p 00000000 00:00 0 
7fafa810a000-7fafac000000 ---p 00000000 00:00 0 
7fafac000000-7fafac0de000 rw-p 00000000 00:00 0 
7fafac0de000-7fafb0000000 ---p 00000000 00:00 0 
7fafb0000000-7fafb00f2000 rw-p 00000000 00:00 0 
7fafb00f2000-7fafb4000000 ---p 00000000 00:00 0 
7fafb4000000-7fafb40e7000 rw-p 00000000 00:00 0 
7fafb40e7000-7fafb8000000 ---p 00000000 00:00 0 
7fafb8000000-7fafb8108000 rw-p 00000000 00:00 0 
7fafb8108000-7fafbc000000 ---p 00000000 00:00 0 
7fafbc000000-7fafbc021000 rw-p 00000000 00:00 0 
7fafbc021000-7fafc0000000 ---p 00000000 00:00 0 
7fafc259a000-7fafc259d000 ---p 00000000 00:00 0 
7fafc259d000-7fafc275b000 rw-p 00000000 00:00 0 
7fafc275b000-7fafc289e000 ---p 00000000 00:00 0 
7fafc289e000-7fafc299c000 rw-p 00000000 00:00 0 
7fafc299c000-7fafc299f000 ---p 00000000 00:00 0 
7fafc299f000-7fafc2a9d000 rw-p 00000000 00:00 0                          [stack:26521]
7fafc2a9d000-7fafc2aa0000 ---p 00000000 00:00 0 
7fafc2aa0000-7fafc2b9e000 rw-p 00000000 00:00 0 
7fafc2b9e000-7fafc2ba1000 ---p 00000000 00:00 0 
7fafc2ba1000-7fafc2c9f000 rw-p 00000000 00:00 0                          [stack:25812]
7fafc2c9f000-7fafc2ca2000 ---p 00000000 00:00 0 
7fafc2ca2000-7fafc2da0000 rw-p 00000000 00:00 0                          [stack:24060]
7fafc2da0000-7fafc2da3000 ---p 00000000 00:00 0 
7fafc2da3000-7fafc2ea1000 rw-p 00000000 00:00 0 
7fafc2ea1000-7fafc2ea4000 ---p 00000000 00:00 0 
7fafc2ea4000-7fafc31a2000 rw-p 00000000 00:00 0 
7fafc31a2000-7fafc33a2000 rw-p 00000000 00:00 0 
7fafc33a2000-7fafc33a3000 ---p 00000000 00:00 0 
7fafc33a3000-7fafc3ba3000 rw-p 00000000 00:00 0                          [stack:18314]
7fafc3ba3000-7fafc3bd5000 r-xp 00000000 08:13 795031                     /usr/lib64/libpng16.so.16.10.0
7fafc3bd5000-7fafc3dd4000 ---p 00032000 08:13 795031                     /usr/lib64/libpng16.so.16.10.0
7fafc3dd4000-7fafc3dd5000 r--p 00031000 08:13 795031                     /usr/lib64/libpng16.so.16.10.0
7fafc3dd5000-7fafc3dd6000 rw-p 00032000 08:13 795031                     /usr/lib64/libpng16.so.16.10.0
7fafc3dd6000-7fafc3dfc000 r-xp 00000000 08:13 794581                     /usr/lib64/libexpat.so.1.6.0
7fafc3dfc000-7fafc3ffc000 ---p 00026000 08:13 794581                     /usr/lib64/libexpat.so.1.6.0
7fafc3ffc000-7fafc3fff000 r--p 00026000 08:13 794581                     /usr/lib64/libexpat.so.1.6.0
7fafc3fff000-7fafc4000000 rw-p 00029000 08:13 794581                     /usr/lib64/libexpat.so.1.6.0
7fafc4000000-7fafc40c6000 rw-p 00000000 00:00 0 
7fafc40c6000-7fafc8000000 ---p 00000000 00:00 0 
7fafc8000000-7fafc8108000 rw-p 00000000 00:00 0 
7fafc8108000-7fafcc000000 ---p 00000000 00:00 0 
7fafcc000000-7fafcc0c6000 rw-p 00000000 00:00 0 
7fafcc0c6000-7fafd0000000 ---p 00000000 00:00 0 
7fafd0000000-7fafd00c5000 rw-p 00000000 00:00 0 
7fafd00c5000-7fafd4000000 ---p 00000000 00:00 0 
7fafd4000000-7fafd4165000 rw-p 00000000 00:00 0 
7fafd4165000-7fafd8000000 ---p 00000000 00:00 0 
7fafd8000000-7fafd8123000 rw-p 00000000 00:00 0 
7fafd8123000-7fafdc000000 ---p 00000000 00:00 0 
7fafdc000000-7fafdc28c000 rw-p 00000000 00:00 0 
7fafdc28c000-7fafe0000000 ---p 00000000 00:00 0 
7fafe0000000-7fafe0082000 rw-p 00000000 00:00 0 
7fafe0082000-7fafe4000000 ---p 00000000 00:00 0 
7fafe4000000-7fafe4021000 rw-p 00000000 00:00 0 
7fafe4021000-7fafe8000000 ---p 00000000 00:00 0 
7fafe8000000-7fafe8881000 rw-p 00000000 00:00 0 
7fafe8881000-7fafec000000 ---p 00000000 00:00 0 
7fafec000000-7fafec021000 rw-p 00000000 00:00 0 
7fafec021000-7faff0000000 ---p 00000000 00:00 0 
7faff0000000-7faff0021000 rw-p 00000000 00:00 0 
7faff0021000-7faff4000000 ---p 00000000 00:00 0 
7faff4000000-7faff5c03000 rw-p 00000000 00:00 0 
7faff5c03000-7faff8000000 ---p 00000000 00:00 0 
7faff8000000-7faff896a000 rw-p 00000000 00:00 0 
7faff896a000-7faffc000000 ---p 00000000 00:00 0 
7faffc000000-7faffd2cb000 rw-p 00000000 00:00 0 
7faffd2cb000-7fb000000000 ---p 00000000 00:00 0 
7fb000000000-7fb0031c4000 rw-p 00000000 00:00 0 
7fb0031c4000-7fb004000000 ---p 00000000 00:00 0 
7fb004000000-7fb004298000 rw-p 00000000 00:00 0 
7fb004298000-7fb008000000 ---p 00000000 00:00 0 
7fb0080c0000-7fb0080c3000 ---p 00000000 00:00 0 
7fb0080c3000-7fb0081c1000 rw-p 00000000 00:00 0 
7fb0081c1000-7fb008265000 r-xp 00000000 08:13 794798                     /usr/lib64/freetype-freeworld/libfreetype.so.6.11.2
7fb008265000-7fb008465000 ---p 000a4000 08:13 794798                     /usr/lib64/freetype-freeworld/libfreetype.so.6.11.2
7fb008465000-7fb00846b000 r--p 000a4000 08:13 794798                     /usr/lib64/freetype-freeworld/libfreetype.so.6.11.2
7fb00846b000-7fb00846c000 rw-p 000aa000 08:13 794798                     /usr/lib64/freetype-freeworld/libfreetype.so.6.11.2
7fb00846c000-7fb0084a8000 r-xp 00000000 08:13 794605                     /usr/lib64/libfontconfig.so.1.8.0
7fb0084a8000-7fb0086a8000 ---p 0003c000 08:13 794605                     /usr/lib64/libfontconfig.so.1.8.0
7fb0086a8000-7fb0086aa000 r--p 0003c000 08:13 794605                     /usr/lib64/libfontconfig.so.1.8.0
7fb0086aa000-7fb0086ab000 rw-p 0003e000 08:13 794605                     /usr/lib64/libfontconfig.so.1.8.0
7fb0086ab000-7fb008806000 r-xp 00000000 08:13 794168                     /usr/lib64/libxml2.so.2.9.1
7fb008806000-7fb008a06000 ---p 0015b000 08:13 794168                     /usr/lib64/libxml2.so.2.9.1
7fb008a06000-7fb008a0e000 r--p 0015b000 08:13 794168                     /usr/lib64/libxml2.so.2.9.1
7fb008a0e000-7fb008a10000 rw-p 00163000 08:13 794168                     /usr/lib64/libxml2.so.2.9.1
7fb008a10000-7fb008a12000 rw-p 00000000 00:00 0 
7fb008a12000-7fb008a14000 r-xp 00000000 08:13 795185                     /usr/lib64/libutil-2.20.so
7fb008a14000-7fb008c13000 ---p 00002000 08:13 795185                     /usr/lib64/libutil-2.20.so
7fb008c13000-7fb008c14000 r--p 00001000 08:13 795185                     /usr/lib64/libutil-2.20.so
7fb008c14000-7fb008c15000 rw-p 00002000 08:13 795185                     /usr/lib64/libutil-2.20.so
7fb008c15000-7fb008c54000 r-xp 00000000 08:13 793038                     /usr/lib64/libbluray.so.1.7.0
7fb008c54000-7fb008e53000 ---p 0003f000 08:13 793038                     /usr/lib64/libbluray.so.1.7.0
7fb008e53000-7fb008e55000 r--p 0003e000 08:13 793038                     /usr/lib64/libbluray.so.1.7.0
7fb008e55000-7fb008e56000 rw-p 00040000 08:13 793038                     /usr/lib64/libbluray.so.1.7.0
7fb008e56000-7fb008e8d000 r-xp 00000000 08:13 1049935                    /usr/lib64/gvfs/libgvfscommon.so
7fb008e8d000-7fb00908c000 ---p 00037000 08:13 1049935                    /usr/lib64/gvfs/libgvfscommon.so
7fb00908c000-7fb009092000 r--p 00036000 08:13 1049935                    /usr/lib64/gvfs/libgvfscommon.so
7fb009092000-7fb009093000 rw-p 0003c000 08:13 1049935                    /usr/lib64/gvfs/libgvfscommon.so
7fb009093000-7fb0090c4000 r-xp 00000000 08:13 1049751                    /usr/lib64/gio/modules/libgvfsdbus.so
7fb0090c4000-7fb0092c3000 ---p 00031000 08:13 1049751                    /usr/lib64/gio/modules/libgvfsdbus.so
7fb0092c3000-7fb0092c4000 r--p 00030000 08:13 1049751                    /usr/lib64/gio/modules/libgvfsdbus.so
7fb0092c4000-7fb0092c6000 rw-p 00031000 08:13 1049751                    /usr/lib64/gio/modules/libgvfsdbus.so
7fb0092c6000-7fb0092e6000 r-xp 00000000 08:13 809488                     /usr/lib64/libmagic.so.1.0.0
7fb0092e6000-7fb0094e5000 ---p 00020000 08:13 809488                     /usr/lib64/libmagic.so.1.0.0
7fb0094e5000-7fb0094e6000 r--p 0001f000 08:13 809488                     /usr/lib64/libmagic.so.1.0.0
7fb0094e6000-7fb0094e7000 rw-p 00020000 08:13 809488                     /usr/lib64/libmagic.so.1.0.0
7fb0094e7000-7fb009553000 r-xp 00000000 08:13 793013                     /usr/lib64/libpcre.so.1.2.3
7fb009553000-7fb009752000 ---p 0006c000 08:13 793013                     /usr/lib64/libpcre.so.1.2.3
7fb009752000-7fb009753000 r--p 0006b000 08:13 793013                     /usr/lib64/libpcre.so.1.2.3
7fb009753000-7fb009754000 rw-p 0006c000 08:13 793013                     /usr/lib64/libpcre.so.1.2.3
7fb009754000-7fb00988b000 r-xp 00000000 08:13 793498                     /usr/lib64/libglib-2.0.so.0.4200.2
7fb00988b000-7fb009a8a000 ---p 00137000 08:13 793498                     /usr/lib64/libglib-2.0.so.0.4200.2
7fb009a8a000-7fb009a8b000 r--p 00136000 08:13 793498                     /usr/lib64/libglib-2.0.so.0.4200.2
7fb009a8b000-7fb009a8c000 rw-p 00137000 08:13 793498                     /usr/lib64/libglib-2.0.so.0.4200.2
7fb009a8c000-7fb009a8d000 rw-p 00000000 00:00 0 
7fb009a8d000-7fb010000000 r--p 00000000 08:13 796864                     /usr/lib/locale/locale-archive
7fb010000000-7fb010021000 rw-p 00000000 00:00 0 
7fb010021000-7fb014000000 ---p 00000000 00:00 0 
7fb014000000-7fb014021000 rw-p 00000000 00:00 0 
7fb014021000-7fb018000000 ---p 00000000 00:00 0 
7fb018000000-7fb0185f9000 rw-p 00000000 00:00 0 
7fb0185f9000-7fb01c000000 ---p 00000000 00:00 0 
7fb01c072000-7fb01c093000 r-xp 00000000 08:13 793832                     /usr/lib64/libselinux.so.1
7fb01c093000-7fb01c293000 ---p 00021000 08:13 793832                     /usr/lib64/libselinux.so.1
7fb01c293000-7fb01c294000 r--p 00021000 08:13 793832                     /usr/lib64/libselinux.so.1
7fb01c294000-7fb01c295000 rw-p 00022000 08:13 793832                     /usr/lib64/libselinux.so.1
7fb01c295000-7fb01c297000 rw-p 00000000 00:00 0 
7fb01c297000-7fb01c29a000 r-xp 00000000 08:13 793503                     /usr/lib64/libgmodule-2.0.so.0.4200.2
7fb01c29a000-7fb01c499000 ---p 00003000 08:13 793503                     /usr/lib64/libgmodule-2.0.so.0.4200.2
7fb01c499000-7fb01c49a000 r--p 00002000 08:13 793503                     /usr/lib64/libgmodule-2.0.so.0.4200.2
7fb01c49a000-7fb01c49b000 rw-p 00003000 08:13 793503                     /usr/lib64/libgmodule-2.0.so.0.4200.2
7fb01c49b000-7fb01c4a2000 r-xp 00000000 08:13 793418                     /usr/lib64/libffi.so.6.0.2
7fb01c4a2000-7fb01c6a1000 ---p 00007000 08:13 793418                     /usr/lib64/libffi.so.6.0.2
7fb01c6a1000-7fb01c6a2000 r--p 00006000 08:13 793418                     /usr/lib64/libffi.so.6.0.2
7fb01c6a2000-7fb01c6a3000 rw-p 00007000 08:13 793418                     /usr/lib64/libffi.so.6.0.2
7fb01c6a3000-7fb01c6f2000 r-xp 00000000 08:13 793516                     /usr/lib64/libgobject-2.0.so.0.4200.2
7fb01c6f2000-7fb01c8f2000 ---p 0004f000 08:13 793516                     /usr/lib64/libgobject-2.0.so.0.4200.2
7fb01c8f2000-7fb01c8f3000 r--p 0004f000 08:13 793516                     /usr/lib64/libgobject-2.0.so.0.4200.2
7fb01c8f3000-7fb01c8f4000 rw-p 00050000 08:13 793516                     /usr/lib64/libgobject-2.0.so.0.4200.2
7fb01c8f4000-7fb01ca63000 r-xp 00000000 08:13 793491                     /usr/lib64/libgio-2.0.so.0.4200.2
7fb01ca63000-7fb01cc63000 ---p 0016f000 08:13 793491                     /usr/lib64/libgio-2.0.so.0.4200.2
7fb01cc63000-7fb01cc67000 r--p 0016f000 08:13 793491                     /usr/lib64/libgio-2.0.so.0.4200.2
7fb01cc67000-7fb01cc69000 rw-p 00173000 08:13 793491                     /usr/lib64/libgio-2.0.so.0.4200.2
7fb01cc69000-7fb01cc6b000 rw-p 00000000 00:00 0 
7fb01cc74000-7fb01cc96000 r--s 00000000 08:13 1315321                    /usr/share/mime/mime.cache
7fb01cc96000-7fb01cca7000 r-xp 00000000 08:13 535513                     /usr/java/jdk1.8.0_66/jre/lib/amd64/libnio.so
7fb01cca7000-7fb01cea6000 ---p 00011000 08:13 535513                     /usr/java/jdk1.8.0_66/jre/lib/amd64/libnio.so
7fb01cea6000-7fb01cea7000 rw-p 00010000 08:13 535513                     /usr/java/jdk1.8.0_66/jre/lib/amd64/libnio.so
7fb01cea7000-7fb01ceaa000 ---p 00000000 00:00 0 
7fb01ceaa000-7fb01cfa8000 rw-p 00000000 00:00 0                          [stack:25925]
7fb01cfa8000-7fb01cfab000 ---p 00000000 00:00 0 
7fb01cfab000-7fb01d0a9000 rw-p 00000000 00:00 0                          [stack:25682]
7fb01d0a9000-7fb01d0ac000 ---p 00000000 00:00 0 
7fb01d0ac000-7fb01d1aa000 rw-p 00000000 00:00 0                          [stack:26523]
7fb01d1aa000-7fb01d1ad000 ---p 00000000 00:00 0 
7fb01d1ad000-7fb01d2ab000 rw-p 00000000 00:00 0                          [stack:26520]
7fb01d2ab000-7fb01d2ae000 ---p 00000000 00:00 0 
7fb01d2ae000-7fb01d3ac000 rw-p 00000000 00:00 0                          [stack:25248]
7fb01d3ac000-7fb01d3af000 ---p 00000000 00:00 0 
7fb01d3af000-7fb01d4ad000 rw-p 00000000 00:00 0 
7fb01d4ad000-7fb01d4b0000 ---p 00000000 00:00 0 
7fb01d4b0000-7fb01d5ae000 rw-p 00000000 00:00 0 
7fb01d5ae000-7fb01d5b1000 ---p 00000000 00:00 0 
7fb01d5b1000-7fb01d6af000 rw-p 00000000 00:00 0 
7fb01d6af000-7fb01d6e1000 r-xp 00000000 08:13 536222                     /usr/java/jdk1.8.0_66/jre/lib/amd64/libsunec.so
7fb01d6e1000-7fb01d8e0000 ---p 00032000 08:13 536222                     /usr/java/jdk1.8.0_66/jre/lib/amd64/libsunec.so
7fb01d8e0000-7fb01d8e6000 rw-p 00031000 08:13 536222                     /usr/java/jdk1.8.0_66/jre/lib/amd64/libsunec.so
7fb01d8e6000-7fb01daf6000 rw-p 00000000 00:00 0 
7fb01daf6000-7fb01daf9000 ---p 00000000 00:00 0 
7fb01daf9000-7fb01ddf7000 rw-p 00000000 00:00 0                          [stack:18304]
7fb01ddf7000-7fb01de0c000 r-xp 00000000 08:13 795371                     /usr/lib64/libz.so.1.2.8
7fb01de0c000-7fb01e00b000 ---p 00015000 08:13 795371                     /usr/lib64/libz.so.1.2.8
7fb01e00b000-7fb01e00c000 r--p 00014000 08:13 795371                     /usr/lib64/libz.so.1.2.8
7fb01e00c000-7fb01e00d000 rw-p 00015000 08:13 795371                     /usr/lib64/libz.so.1.2.8
7fb01e00d000-7fb01e01c000 r-xp 00000000 08:13 794444                     /usr/lib64/libbz2.so.1.0.6
7fb01e01c000-7fb01e21b000 ---p 0000f000 08:13 794444                     /usr/lib64/libbz2.so.1.0.6
7fb01e21b000-7fb01e21c000 r--p 0000e000 08:13 794444                     /usr/lib64/libbz2.so.1.0.6
7fb01e21c000-7fb01e21d000 rw-p 0000f000 08:13 794444                     /usr/lib64/libbz2.so.1.0.6
7fb01e21d000-7fb01e241000 r-xp 00000000 08:13 794872                     /usr/lib64/liblzma.so.5.0.99
7fb01e241000-7fb01e440000 ---p 00024000 08:13 794872                     /usr/lib64/liblzma.so.5.0.99
7fb01e440000-7fb01e441000 r--p 00023000 08:13 794872                     /usr/lib64/liblzma.so.5.0.99
7fb01e441000-7fb01e442000 rw-p 00024000 08:13 794872                     /usr/lib64/liblzma.so.5.0.99
7fb01e442000-7fb01e457000 r-xp 00000000 08:13 793637                     /usr/lib64/libelf-0.163.so
7fb01e457000-7fb01e657000 ---p 00015000 08:13 793637                     /usr/lib64/libelf-0.163.so
7fb01e657000-7fb01e658000 r--p 00015000 08:13 793637                     /usr/lib64/libelf-0.163.so
7fb01e658000-7fb01e659000 rw-p 00016000 08:13 793637                     /usr/lib64/libelf-0.163.so
7fb01e659000-7fb01e66f000 r-xp 00000000 08:13 787382                     /usr/lib64/libgcc_s-4.9.2-20150212.so.1
7fb01e66f000-7fb01e86e000 ---p 00016000 08:13 787382                     /usr/lib64/libgcc_s-4.9.2-20150212.so.1
7fb01e86e000-7fb01e86f000 r--p 00015000 08:13 787382                     /usr/lib64/libgcc_s-4.9.2-20150212.so.1
7fb01e86f000-7fb01e870000 rw-p 00016000 08:13 787382                     /usr/lib64/libgcc_s-4.9.2-20150212.so.1
7fb01e870000-7fb01e8b6000 r-xp 00000000 08:13 795035                     /usr/lib64/libdw-0.163.so
7fb01e8b6000-7fb01eab6000 ---p 00046000 08:13 795035                     /usr/lib64/libdw-0.163.so
7fb01eab6000-7fb01eab8000 r--p 00046000 08:13 795035                     /usr/lib64/libdw-0.163.so
7fb01eab8000-7fb01eab9000 rw-p 00048000 08:13 795035                     /usr/lib64/libdw-0.163.so
7fb01eab9000-7fb01ead0000 r-xp 00000000 08:13 796236                     /usr/lib64/libresolv-2.20.so
7fb01ead0000-7fb01eccf000 ---p 00017000 08:13 796236                     /usr/lib64/libresolv-2.20.so
7fb01eccf000-7fb01ecd0000 r--p 00016000 08:13 796236                     /usr/lib64/libresolv-2.20.so
7fb01ecd0000-7fb01ecd1000 rw-p 00017000 08:13 796236                     /usr/lib64/libresolv-2.20.so
7fb01ecd1000-7fb01ecd3000 rw-p 00000000 00:00 0 
7fb01ecd3000-7fb01ecd8000 r-xp 00000000 08:13 794945                     /usr/lib64/libnss_dns-2.20.so
7fb01ecd8000-7fb01eed7000 ---p 00005000 08:13 794945                     /usr/lib64/libnss_dns-2.20.so
7fb01eed7000-7fb01eed8000 r--p 00004000 08:13 794945                     /usr/lib64/libnss_dns-2.20.so
7fb01eed8000-7fb01eed9000 rw-p 00005000 08:13 794945                     /usr/lib64/libnss_dns-2.20.so
7fb01eed9000-7fb01eedb000 r-xp 00000000 08:13 794951                     /usr/lib64/libnss_mdns4_minimal.so.2
7fb01eedb000-7fb01f0da000 ---p 00002000 08:13 794951                     /usr/lib64/libnss_mdns4_minimal.so.2
7fb01f0da000-7fb01f0db000 r--p 00001000 08:13 794951                     /usr/lib64/libnss_mdns4_minimal.so.2
7fb01f0db000-7fb01f0dc000 rw-p 00002000 08:13 794951                     /usr/lib64/libnss_mdns4_minimal.so.2
7fb01f0dc000-7fb01f0df000 ---p 00000000 00:00 0 
7fb01f0df000-7fb01f1dd000 rw-p 00000000 00:00 0                          [stack:18303]
7fb01f1dd000-7fb01f1f3000 r-xp 00000000 08:13 535512                     /usr/java/jdk1.8.0_66/jre/lib/amd64/libnet.so
7fb01f1f3000-7fb01f3f3000 ---p 00016000 08:13 535512                     /usr/java/jdk1.8.0_66/jre/lib/amd64/libnet.so
7fb01f3f3000-7fb01f3f4000 rw-p 00016000 08:13 535512                     /usr/java/jdk1.8.0_66/jre/lib/amd64/libnet.so
7fb01f3f4000-7fb01f3f5000 ---p 00000000 00:00 0 
7fb01f3f5000-7fb01f4f5000 rw-p 00000000 00:00 0                          [stack:18302]
7fb01f4f5000-7fb01f4f8000 ---p 00000000 00:00 0 
7fb01f4f8000-7fb01f5f6000 rw-p 00000000 00:00 0                          [stack:18301]
7fb01f5f6000-7fb01f5f9000 ---p 00000000 00:00 0 
7fb01f5f9000-7fb01f6f7000 rw-p 00000000 00:00 0                          [stack:18300]
7fb01f6f7000-7fb01f6fa000 ---p 00000000 00:00 0 
7fb01f6fa000-7fb01f7f8000 rw-p 00000000 00:00 0                          [stack:18299]
7fb01f7f8000-7fb01f7fb000 ---p 00000000 00:00 0 
7fb01f7fb000-7fb01f8f9000 rw-p 00000000 00:00 0                          [stack:18298]
7fb01f8f9000-7fb01f8fc000 ---p 00000000 00:00 0 
7fb01f8fc000-7fb01f9fa000 rw-p 00000000 00:00 0                          [stack:18297]
7fb01f9fa000-7fb01f9fd000 ---p 00000000 00:00 0 
7fb01f9fd000-7fb01fafb000 rw-p 00000000 00:00 0                          [stack:18296]
7fb01fafb000-7fb01fafe000 ---p 00000000 00:00 0 
7fb01fafe000-7fb01fbfc000 rw-p 00000000 00:00 0                          [stack:18295]
7fb01fbfc000-7fb01fbff000 ---p 00000000 00:00 0 
7fb01fbff000-7fb01fcfd000 rw-p 00000000 00:00 0                          [stack:18294]
7fb01fcfd000-7fb01fcfe000 ---p 00000000 00:00 0 
7fb01fcfe000-7fb020000000 rw-p 00000000 00:00 0                          [stack:18293]
7fb020000000-7fb02002c000 rw-p 00000000 00:00 0 
7fb02002c000-7fb024000000 ---p 00000000 00:00 0 
7fb024000000-7fb024021000 rw-p 00000000 00:00 0 
7fb024021000-7fb028000000 ---p 00000000 00:00 0 
7fb028000000-7fb028026000 rw-p 00000000 00:00 0 
7fb028026000-7fb02c000000 ---p 00000000 00:00 0 
7fb02c004000-7fb02c00e000 r-xp 00000000 08:13 791004                     /usr/lib64/libnss_myhostname.so.2
7fb02c00e000-7fb02c010000 r--p 00009000 08:13 791004                     /usr/lib64/libnss_myhostname.so.2
7fb02c010000-7fb02c011000 rw-p 0000b000 08:13 791004                     /usr/lib64/libnss_myhostname.so.2
7fb02c01c000-7fb02c01e000 rw-p 00000000 00:00 0 
7fb02c01e000-7fb02c024000 r--s 0003e000 08:13 2108131                    /usr/java/jdk1.8.0_66/jre/lib/ext/sunjce_provider.jar
7fb02c024000-7fb02c033000 r-xp 00000000 08:13 794135                     /usr/lib64/libudev.so.1.6.1
7fb02c033000-7fb02c034000 r--p 0000e000 08:13 794135                     /usr/lib64/libudev.so.1.6.1
7fb02c034000-7fb02c035000 rw-p 0000f000 08:13 794135                     /usr/lib64/libudev.so.1.6.1
7fb02c035000-7fb02c036000 r--s 00009000 08:13 2108130                    /usr/java/jdk1.8.0_66/jre/lib/ext/sunec.jar
7fb02c036000-7fb02c038000 r--s 0001a000 08:13 538117                     /usr/java/jdk1.8.0_66/jre/lib/jce.jar
7fb02c038000-7fb02c03c000 r--s 00096000 08:13 538138                     /usr/java/jdk1.8.0_66/jre/lib/jsse.jar
7fb02c03c000-7fb02c03e000 r--s 00009000 08:13 3411945                    /home/apb18/.m2/repository/org/hamcrest/hamcrest-core/1.3/hamcrest-core-1.3.jar
7fb02c03e000-7fb02c044000 r--s 00036000 08:13 3148169                    /home/apb18/.m2/repository/junit/junit/4.11/junit-4.11.jar
7fb02c044000-7fb02c046000 r--s 00005000 08:13 3417525                    /home/apb18/.m2/repository/org/eclipse/jetty/jetty-jmx/8.1.17.v20150415/jetty-jmx-8.1.17.v20150415.jar
7fb02c046000-7fb02c048000 r--s 00014000 08:13 4865913                    /home/apb18/.m2/repository/org/eclipse/jetty/jetty-client/8.1.17.v20150415/jetty-client-8.1.17.v20150415.jar
7fb02c048000-7fb02c04d000 r--s 00042000 08:13 3417497                    /home/apb18/.m2/repository/org/eclipse/jetty/jetty-util/8.1.17.v20150415/jetty-util-8.1.17.v20150415.jar
7fb02c04d000-7fb02c04f000 r--s 00016000 08:13 4084923                    /home/apb18/.m2/repository/org/eclipse/jetty/jetty-servlets/8.1.17.v20150415/jetty-servlets-8.1.17.v20150415.jar
7fb02c04f000-7fb02c051000 r--s 00014000 08:13 3417516                    /home/apb18/.m2/repository/org/eclipse/jetty/jetty-security/8.1.17.v20150415/jetty-security-8.1.17.v20150415.jar
7fb02c051000-7fb02c053000 r--s 00017000 08:13 3417495                    /home/apb18/.m2/repository/org/eclipse/jetty/jetty-servlet/8.1.17.v20150415/jetty-servlet-8.1.17.v20150415.jar
7fb02c053000-7fb02c055000 r--s 00018000 08:13 3417514                    /home/apb18/.m2/repository/org/eclipse/jetty/jetty-io/8.1.17.v20150415/jetty-io-8.1.17.v20150415.jar
7fb02c055000-7fb02c057000 r--s 00016000 08:13 3417491                    /home/apb18/.m2/repository/org/eclipse/jetty/jetty-http/8.1.17.v20150415/jetty-http-8.1.17.v20150415.jar
7fb02c057000-7fb02c059000 r--s 00004000 08:13 3417482                    /home/apb18/.m2/repository/org/eclipse/jetty/jetty-continuation/8.1.17.v20150415/jetty-continuation-8.1.17.v20150415.jar
7fb02c059000-7fb02c05e000 r--s 00053000 08:13 3417477                    /home/apb18/.m2/repository/org/eclipse/jetty/jetty-server/8.1.17.v20150415/jetty-server-8.1.17.v20150415.jar
7fb02c05e000-7fb02c061000 r--s 00015000 08:13 3801283                    /home/apb18/.m2/repository/org/apache/geronimo/specs/geronimo-servlet_3.0_spec/1.0/geronimo-servlet_3.0_spec-1.0.jar
7fb02c061000-7fb02c063000 r--s 0000c000 08:13 3952545                    /home/apb18/.m2/repository/org/apache/camel/camel-jetty-common/2.15.3/camel-jetty-common-2.15.3.jar
7fb02c063000-7fb02c069000 r--s 00045000 08:13 3147096                    /home/apb18/.m2/repository/commons-httpclient/commons-httpclient/3.1/commons-httpclient-3.1.jar
7fb02c069000-7fb02c06b000 r--s 00012000 08:13 3952543                    /home/apb18/.m2/repository/org/apache/camel/camel-http/2.15.3/camel-http-2.15.3.jar
7fb02c06b000-7fb02c07d000 r--s 000ee000 08:13 3163903                    /home/apb18/.m2/repository/com/sun/xml/bind/jaxb-impl/2.2.11/jaxb-impl-2.2.11.jar
7fb02c07d000-7fb02c083000 r--s 00038000 08:13 3163900                    /home/apb18/.m2/repository/com/sun/xml/bind/jaxb-core/2.2.11/jaxb-core-2.2.11.jar
7fb02c083000-7fb02c0bb000 r--s 002c6000 08:13 4217592                    /home/apb18/.m2/repository/org/apache/camel/camel-core/2.15.3/camel-core-2.15.3.jar
7fb02c0bb000-7fb02c0ef000 r--s 0020e000 08:13 2109862                    /home/apb18/.m2/repository/org/apache/jena/jena-shaded-guava/3.0.0/jena-shaded-guava-3.0.0.jar
7fb02c0ef000-7fb030000000 rw-p 00000000 00:00 0 
7fb030000000-7fb030021000 rw-p 00000000 00:00 0 
7fb030021000-7fb034000000 ---p 00000000 00:00 0 
7fb034000000-7fb034021000 rw-p 00000000 00:00 0 
7fb034021000-7fb038000000 ---p 00000000 00:00 0 
7fb038000000-7fb038021000 rw-p 00000000 00:00 0 
7fb038021000-7fb03c000000 ---p 00000000 00:00 0 
7fb03c000000-7fb03c027000 rw-p 00000000 00:00 0 
7fb03c027000-7fb040000000 ---p 00000000 00:00 0 
7fb040000000-7fb040021000 rw-p 00000000 00:00 0 
7fb040021000-7fb044000000 ---p 00000000 00:00 0 
7fb044000000-7fb044001000 r--s 0000a000 08:13 3691010                    /home/apb18/.m2/repository/org/apache/camel/camel-test/2.15.3/camel-test-2.15.3.jar
7fb044001000-7fb044003000 r--s 00006000 08:13 3952541                    /home/apb18/.m2/repository/org/apache/camel/camel-jetty8/2.15.3/camel-jetty8-2.15.3.jar
7fb044003000-7fb044005000 r--s 00004000 08:13 3801851                    /home/apb18/.m2/repository/org/apache/camel/camel-jetty/2.15.3/camel-jetty-2.15.3.jar
7fb044005000-7fb044007000 r--s 00005000 08:13 4085118                    /home/apb18/.m2/repository/org/apache/camel/camel-zipfile/2.15.3/camel-zipfile-2.15.3.jar
7fb044007000-7fb044010000 r--s 0006f000 08:13 3148236                    /home/apb18/.m2/repository/log4j/log4j/1.2.17/log4j-1.2.17.jar
7fb044010000-7fb044012000 r--s 00001000 08:13 3417511                    /home/apb18/.m2/repository/org/slf4j/slf4j-log4j12/1.7.12/slf4j-log4j12-1.7.12.jar
7fb044012000-7fb044019000 r--s 0005e000 08:13 3148907                    /home/apb18/.m2/repository/org/apache/commons/commons-lang3/3.3.2/commons-lang3-3.3.2.jar
7fb044019000-7fb04401b000 r--s 00007000 08:13 3202422                    /home/apb18/.m2/repository/org/apache/commons/commons-csv/1.0/commons-csv-1.0.jar
7fb04401b000-7fb044020000 r--s 0002f000 08:13 2109857                    /home/apb18/.m2/repository/org/apache/jena/jena-base/3.0.0/jena-base-3.0.0.jar
7fb044020000-7fb044021000 r--s 0000c000 08:13 3557492                    /home/apb18/.m2/repository/commons-cli/commons-cli/1.3/commons-cli-1.3.jar
7fb044021000-7fb04402a000 r--s 0002d000 08:13 3539970                    /home/apb18/.m2/repository/xml-apis/xml-apis/1.4.01/xml-apis-1.4.01.jar
7fb04402a000-7fb044043000 r--s 00135000 08:13 3539926                    /home/apb18/.m2/repository/xerces/xercesImpl/2.11.0/xercesImpl-2.11.0.jar
7fb044043000-7fb044045000 r--s 00020000 08:13 2109858                    /home/apb18/.m2/repository/org/apache/jena/jena-iri/3.0.0/jena-iri-3.0.0.jar
7fb044045000-7fb04405f000 r--s 00149000 08:13 2109854                    /home/apb18/.m2/repository/org/apache/jena/jena-core/3.0.0/jena-core-3.0.0.jar
7fb04405f000-7fb044061000 r--s 0000e000 08:13 3679852                    /home/apb18/.m2/repository/commons-logging/commons-logging/1.2/commons-logging-1.2.jar
7fb044061000-7fb04406d000 r--s 00088000 08:13 5247224                    /home/apb18/.m2/repository/org/apache/httpcomponents/httpcore-osgi/4.3.3/httpcore-osgi-4.3.3.jar
7fb04406d000-7fb044082000 r--s 000ef000 08:13 4607354                    /home/apb18/.m2/repository/org/apache/httpcomponents/httpclient-osgi/4.3.6/httpclient-osgi-4.3.6.jar
7fb044082000-7fb0440af000 r--s 003b3000 08:13 4861912                    /home/apb18/.m2/repository/org/apache/servicemix/bundles/org.apache.servicemix.bundles.saxon/9.6.0-7_1/org.apache.servicemix.bundles.saxon-9.6.0-7_1.jar
7fb0440af000-7fb045000000 rw-p 00000000 00:00 0 
7fb045000000-7fb046000000 rwxp 00000000 00:00 0 
7fb046000000-7fb054000000 ---p 00000000 00:00 0 
7fb054000000-7fb0548f2000 rw-p 00000000 00:00 0 
7fb0548f2000-7fb058000000 ---p 00000000 00:00 0 
7fb058000000-7fb058006000 r--s 00033000 08:13 3146934                    /home/apb18/.m2/repository/commons-codec/commons-codec/1.6/commons-codec-1.6.jar
7fb058006000-7fb058008000 r--s 00018000 08:13 7088833                    /home/apb18/.m2/repository/org/apache/servicemix/bundles/org.apache.servicemix.bundles.xmlresolver/1.2_5/org.apache.servicemix.bundles.xmlresolver-1.2_5.jar
7fb058008000-7fb05800a000 r--s 0000b000 08:13 4737730                    /home/apb18/.m2/repository/org/apache/camel/camel-core-osgi/2.15.3/camel-core-osgi-2.15.3.jar
7fb05800a000-7fb058a07000 rw-p 00000000 00:00 0 
7fb058a07000-7fb058bdf000 r--s 03cd9000 08:13 538088                     /usr/java/jdk1.8.0_66/jre/lib/rt.jar
7fb058bdf000-7fb059836000 rw-p 00000000 00:00 0 
7fb059836000-7fb059837000 ---p 00000000 00:00 0 
7fb059837000-7fb059937000 rw-p 00000000 00:00 0                          [stack:18287]
7fb059937000-7fb059938000 ---p 00000000 00:00 0 
7fb059938000-7fb059a38000 rw-p 00000000 00:00 0                          [stack:18286]
7fb059a38000-7fb059a39000 ---p 00000000 00:00 0 
7fb059a39000-7fb059b39000 rw-p 00000000 00:00 0                          [stack:18285]
7fb059b39000-7fb059b3a000 ---p 00000000 00:00 0 
7fb059b3a000-7fb059c3a000 rw-p 00000000 00:00 0                          [stack:18284]
7fb059c3a000-7fb059c3b000 ---p 00000000 00:00 0 
7fb059c3b000-7fb059d3b000 rw-p 00000000 00:00 0                          [stack:18283]
7fb059d3b000-7fb059d3c000 ---p 00000000 00:00 0 
7fb059d3c000-7fb059e3c000 rw-p 00000000 00:00 0                          [stack:18282]
7fb059e3c000-7fb059e3d000 ---p 00000000 00:00 0 
7fb059e3d000-7fb059f3d000 rw-p 00000000 00:00 0                          [stack:18281]
7fb059f3d000-7fb059f3e000 ---p 00000000 00:00 0 
7fb059f3e000-7fb05a2d4000 rw-p 00000000 00:00 0                          [stack:18280]
7fb05a2d4000-7fb05a56a000 rw-p 00000000 00:00 0 
7fb05a56a000-7fb05a65a000 rw-p 00000000 00:00 0 
7fb05a65a000-7fb05a6b5000 ---p 00000000 00:00 0 
7fb05a6b5000-7fb05a6f6000 rw-p 00000000 00:00 0 
7fb05a6f6000-7fb05aa76000 ---p 00000000 00:00 0 
7fb05aa76000-7fb05aa90000 r-xp 00000000 08:13 537047                     /usr/java/jdk1.8.0_66/jre/lib/amd64/libzip.so
7fb05aa90000-7fb05ac90000 ---p 0001a000 08:13 537047                     /usr/java/jdk1.8.0_66/jre/lib/amd64/libzip.so
7fb05ac90000-7fb05ac91000 rw-p 0001a000 08:13 537047                     /usr/java/jdk1.8.0_66/jre/lib/amd64/libzip.so
7fb05ac91000-7fb05ac9d000 r-xp 00000000 08:13 794946                     /usr/lib64/libnss_files-2.20.so
7fb05ac9d000-7fb05ae9c000 ---p 0000c000 08:13 794946                     /usr/lib64/libnss_files-2.20.so
7fb05ae9c000-7fb05ae9d000 r--p 0000b000 08:13 794946                     /usr/lib64/libnss_files-2.20.so
7fb05ae9d000-7fb05ae9e000 rw-p 0000c000 08:13 794946                     /usr/lib64/libnss_files-2.20.so
7fb05ae9e000-7fb05aec8000 r-xp 00000000 08:13 534978                     /usr/java/jdk1.8.0_66/jre/lib/amd64/libjava.so
7fb05aec8000-7fb05b0c8000 ---p 0002a000 08:13 534978                     /usr/java/jdk1.8.0_66/jre/lib/amd64/libjava.so
7fb05b0c8000-7fb05b0ca000 rw-p 0002a000 08:13 534978                     /usr/java/jdk1.8.0_66/jre/lib/amd64/libjava.so
7fb05b0ca000-7fb05b0d7000 r-xp 00000000 08:13 537045                     /usr/java/jdk1.8.0_66/jre/lib/amd64/libverify.so
7fb05b0d7000-7fb05b2d7000 ---p 0000d000 08:13 537045                     /usr/java/jdk1.8.0_66/jre/lib/amd64/libverify.so
7fb05b2d7000-7fb05b2d9000 rw-p 0000d000 08:13 537045                     /usr/java/jdk1.8.0_66/jre/lib/amd64/libverify.so
7fb05b2d9000-7fb05b2e0000 r-xp 00000000 08:13 796237                     /usr/lib64/librt-2.20.so
7fb05b2e0000-7fb05b4df000 ---p 00007000 08:13 796237                     /usr/lib64/librt-2.20.so
7fb05b4df000-7fb05b4e0000 r--p 00006000 08:13 796237                     /usr/lib64/librt-2.20.so
7fb05b4e0000-7fb05b4e1000 rw-p 00007000 08:13 796237                     /usr/lib64/librt-2.20.so
7fb05b4e1000-7fb05b5e8000 r-xp 00000000 08:13 796233                     /usr/lib64/libm-2.20.so
7fb05b5e8000-7fb05b7e7000 ---p 00107000 08:13 796233                     /usr/lib64/libm-2.20.so
7fb05b7e7000-7fb05b7e8000 r--p 00106000 08:13 796233                     /usr/lib64/libm-2.20.so
7fb05b7e8000-7fb05b7e9000 rw-p 00107000 08:13 796233                     /usr/lib64/libm-2.20.so
7fb05b7e9000-7fb05c4a7000 r-xp 00000000 08:13 538000                     /usr/java/jdk1.8.0_66/jre/lib/amd64/server/libjvm.so
7fb05c4a7000-7fb05c6a6000 ---p 00cbe000 08:13 538000                     /usr/java/jdk1.8.0_66/jre/lib/amd64/server/libjvm.so
7fb05c6a6000-7fb05c77f000 rw-p 00cbd000 08:13 538000                     /usr/java/jdk1.8.0_66/jre/lib/amd64/server/libjvm.so
7fb05c77f000-7fb05c7c3000 rw-p 00000000 00:00 0 
7fb05c7c3000-7fb05c976000 r-xp 00000000 08:13 794390                     /usr/lib64/libc-2.20.so
7fb05c976000-7fb05cb76000 ---p 001b3000 08:13 794390                     /usr/lib64/libc-2.20.so
7fb05cb76000-7fb05cb7a000 r--p 001b3000 08:13 794390                     /usr/lib64/libc-2.20.so
7fb05cb7a000-7fb05cb7c000 rw-p 001b7000 08:13 794390                     /usr/lib64/libc-2.20.so
7fb05cb7c000-7fb05cb80000 rw-p 00000000 00:00 0 
7fb05cb80000-7fb05cb83000 r-xp 00000000 08:13 796232                     /usr/lib64/libdl-2.20.so
7fb05cb83000-7fb05cd82000 ---p 00003000 08:13 796232                     /usr/lib64/libdl-2.20.so
7fb05cd82000-7fb05cd83000 r--p 00002000 08:13 796232                     /usr/lib64/libdl-2.20.so
7fb05cd83000-7fb05cd84000 rw-p 00003000 08:13 796232                     /usr/lib64/libdl-2.20.so
7fb05cd84000-7fb05cd99000 r-xp 00000000 08:13 2108219                    /usr/java/jdk1.8.0_66/lib/amd64/jli/libjli.so
7fb05cd99000-7fb05cf99000 ---p 00015000 08:13 2108219                    /usr/java/jdk1.8.0_66/lib/amd64/jli/libjli.so
7fb05cf99000-7fb05cf9a000 rw-p 00015000 08:13 2108219                    /usr/java/jdk1.8.0_66/lib/amd64/jli/libjli.so
7fb05cf9a000-7fb05cfb1000 r-xp 00000000 08:13 794958                     /usr/lib64/libpthread-2.20.so
7fb05cfb1000-7fb05d1b0000 ---p 00017000 08:13 794958                     /usr/lib64/libpthread-2.20.so
7fb05d1b0000-7fb05d1b1000 r--p 00016000 08:13 794958                     /usr/lib64/libpthread-2.20.so
7fb05d1b1000-7fb05d1b2000 rw-p 00017000 08:13 794958                     /usr/lib64/libpthread-2.20.so
7fb05d1b2000-7fb05d1b6000 rw-p 00000000 00:00 0 
7fb05d1b6000-7fb05d1d7000 r-xp 00000000 08:13 796851                     /usr/lib64/ld-2.20.so
7fb05d1d7000-7fb05d1d8000 r--s 00007000 08:13 4336495                    /home/apb18/.m2/repository/org/slf4j/slf4j-api/1.7.12/slf4j-api-1.7.12.jar
7fb05d1d8000-7fb05d1db000 r--s 00009000 08:13 4217563                    /home/apb18/.m2/repository/com/fasterxml/jackson/core/jackson-annotations/2.6.1/jackson-annotations-2.6.1.jar
7fb05d1db000-7fb05d2a6000 rw-p 00000000 00:00 0 
7fb05d2a6000-7fb05d2a9000 ---p 00000000 00:00 0 
7fb05d2a9000-7fb05d3cc000 rw-p 00000000 00:00 0                          [stack:18279]
7fb05d3cc000-7fb05d3d4000 rw-s 00000000 00:24 4526639                    /tmp/hsperfdata_apb18/18277
7fb05d3d4000-7fb05d3d5000 rw-p 00000000 00:00 0 
7fb05d3d5000-7fb05d3d6000 ---p 00000000 00:00 0 
7fb05d3d6000-7fb05d3d7000 rw-p 00000000 00:00 0 
7fb05d3d7000-7fb05d3d8000 r--p 00021000 08:13 796851                     /usr/lib64/ld-2.20.so
7fb05d3d8000-7fb05d3d9000 rw-p 00022000 08:13 796851                     /usr/lib64/ld-2.20.so
7fb05d3d9000-7fb05d3da000 rw-p 00000000 00:00 0 
7fffce100000-7fffce123000 rw-p 00000000 00:00 0                          [stack]
7fffce146000-7fffce148000 r--p 00000000 00:00 0                          [vvar]
7fffce148000-7fffce14a000 r-xp 00000000 00:00 0                          [vdso]
ffffffffff600000-ffffffffff601000 r-xp 00000000 00:00 0                  [vsyscall]

VM Arguments:
jvm_args: -Dfile.encoding=UTF-8 
java_command: org.eclipse.jdt.internal.junit.runner.RemoteTestRunner -version 3 -port 38673 -testLoaderClass org.eclipse.jdt.internal.junit4.runner.JUnit4TestLoader -loaderpluginname org.eclipse.jdt.junit4.runtime -classNames info.rmapproject.loader.ieee.IeeeLoadTest
java_class_path (initial): /home/apb18/projects/load/rmap-loader/rmap-loader-karaf/target/test-classes:/home/apb18/projects/load/rmap-loader/rmap-loader-karaf/target/classes:/home/apb18/projects/load/rmap-loader/rmap-loader-api/target/classes:/home/apb18/.m2/repository/com/fasterxml/jackson/core/jackson-annotations/2.6.1/jackson-annotations-2.6.1.jar:/home/apb18/projects/load/rmap-loader/rmap-loader-camel/target/classes:/home/apb18/projects/load/rmap-loader/rmap-loader-osgi/target/classes:/home/apb18/.m2/repository/org/apache/camel/camel-core-osgi/2.15.3/camel-core-osgi-2.15.3.jar:/home/apb18/.m2/repository/org/apache/servicemix/bundles/org.apache.servicemix.bundles.saxon/9.6.0-7_1/org.apache.servicemix.bundles.saxon-9.6.0-7_1.jar:/home/apb18/.m2/repository/org/apache/servicemix/bundles/org.apache.servicemix.bundles.xmlresolver/1.2_5/org.apache.servicemix.bundles.xmlresolver-1.2_5.jar:/home/apb18/projects/load/rmap-loader/rmap-loader-extractor/target/classes:/home/apb18/.m2/repository/org/apache/httpcomponents/httpclient-osgi/4.3.6/httpclient-osgi-4.3.6.jar:/home/apb18/.m2/repository/commons-codec/commons-codec/1.6/commons-codec-1.6.jar:/home/apb18/.m2/repository/org/apache/httpcomponents/httpcore-osgi/4.3.3/httpcore-osgi-4.3.3.jar:/home/apb18/.m2/repository/commons-logging/commons-logging/1.2/commons-logging-1.2.jar:/home/apb18/projects/load/rmap-loader/rmap-loader-validation/target/classes:/home/apb18/.m2/repository/org/apache/jena/jena-core/3.0.0/jena-core-3.0.0.jar:/home/apb18/.m2/repository/org/slf4j/slf4j-api/1.7.12/slf4j-api-1.7.12.jar:/home/apb18/.m2/repository/org/apache/jena/jena-iri/3.0.0/jena-iri-3.0.0.jar:/home/apb18/.m2/repository/xerces/xercesImpl/2.11.0/xercesImpl-2.11.0.jar:/home/apb18/.m2/repository/xml-apis/xml-apis/1.4.01/xml-apis-1.4.01.jar:/home/apb18/.m2/repository/commons-cli/commons-cli/1.3/commons-cli-1.3.jar:/home/apb18/.m2/repository/org/apache/jena/jena-base/3.0.0/jena-base-3.0.0.jar:/home/apb18/.m2/repository/org/apache/jena/jena-shad
Launcher Type: SUN_STANDARD

Environment Variables:
PATH=/usr/lib64/qt-3.3/bin:/usr/local/bin:/usr/local/sbin:/usr/bin:/usr/sbin:/bin:/sbin
USERNAME=apb18
SHELL=/bin/bash
DISPLAY=:0

Signal Handlers:
SIGSEGV: [libjvm.so+0xaba2a0], sa_mask[0]=11111111011111111101111111111110, sa_flags=SA_RESTART|SA_SIGINFO
SIGBUS: [libjvm.so+0xaba2a0], sa_mask[0]=11111111011111111101111111111110, sa_flags=SA_RESTART|SA_SIGINFO
SIGFPE: [libjvm.so+0x917710], sa_mask[0]=11111111011111111101111111111110, sa_flags=SA_RESTART|SA_SIGINFO
SIGPIPE: SIG_IGN, sa_mask[0]=00000000000010000000000000000000, sa_flags=SA_RESTART
SIGXFSZ: [libjvm.so+0x917710], sa_mask[0]=11111111011111111101111111111110, sa_flags=SA_RESTART|SA_SIGINFO
SIGILL: [libjvm.so+0x917710], sa_mask[0]=11111111011111111101111111111110, sa_flags=SA_RESTART|SA_SIGINFO
SIGUSR1: SIG_DFL, sa_mask[0]=00000000000000000000000000000000, sa_flags=none
SIGUSR2: [libjvm.so+0x918d40], sa_mask[0]=00100000000000000000000000000000, sa_flags=SA_RESTART|SA_SIGINFO
SIGHUP: [libjvm.so+0x91a140], sa_mask[0]=11111111011111111101111111111110, sa_flags=SA_RESTART|SA_SIGINFO
SIGINT: [libjvm.so+0x91a140], sa_mask[0]=11111111011111111101111111111110, sa_flags=SA_RESTART|SA_SIGINFO
SIGTERM: [libjvm.so+0x91a140], sa_mask[0]=11111111011111111101111111111110, sa_flags=SA_RESTART|SA_SIGINFO
SIGQUIT: [libjvm.so+0x91a140], sa_mask[0]=11111111011111111101111111111110, sa_flags=SA_RESTART|SA_SIGINFO


---------------  S Y S T E M  ---------------

OS:Fedora release 21 (Twenty One)

uname:Linux 4.1.13-100.fc21.x86_64 #1 SMP Tue Nov 10 13:13:20 UTC 2015 x86_64
libc:glibc 2.20 NPTL 2.20 
rlimit: STACK 8192k, CORE 0k, NPROC 4096, NOFILE 4096, AS infinity
load average:7.36 4.75 4.19

/proc/meminfo:
MemTotal:        8130844 kB
MemFree:          776620 kB
MemAvailable:    1510852 kB
Buffers:           56548 kB
Cached:           858900 kB
SwapCached:        28192 kB
Active:          5333992 kB
Inactive:        1549424 kB
Active(anon):    4993000 kB
Inactive(anon):  1229640 kB
Active(file):     340992 kB
Inactive(file):   319784 kB
Unevictable:         172 kB
Mlocked:             172 kB
SwapTotal:       8392700 kB
SwapFree:        7536076 kB
Dirty:               608 kB
Writeback:             0 kB
AnonPages:       5953948 kB
Mapped:           343888 kB
Shmem:            254576 kB
Slab:             196840 kB
SReclaimable:     115912 kB
SUnreclaim:        80928 kB
KernelStack:       15840 kB
PageTables:        64616 kB
NFS_Unstable:          0 kB
Bounce:                0 kB
WritebackTmp:          0 kB
CommitLimit:    12458120 kB
Committed_AS:   14412140 kB
VmallocTotal:   34359738367 kB
VmallocUsed:      151480 kB
VmallocChunk:   34359535612 kB
HardwareCorrupted:     0 kB
AnonHugePages:         0 kB
HugePages_Total:       0
HugePages_Free:        0
HugePages_Rsvd:        0
HugePages_Surp:        0
Hugepagesize:       2048 kB
DirectMap4k:     3392976 kB
DirectMap2M:     4952064 kB


CPU:total 8 (4 cores per cpu, 2 threads per core) family 6 model 42 stepping 7, cmov, cx8, fxsr, mmx, sse, sse2, sse3, ssse3, sse4.1, sse4.2, popcnt, avx, aes, clmul, ht, tsc, tscinvbit

/proc/cpuinfo:
processor	: 0
vendor_id	: GenuineIntel
cpu family	: 6
model		: 42
model name	: Intel(R) Core(TM) i7-2820QM CPU @ 2.30GHz
stepping	: 7
microcode	: 0x29
cpu MHz		: 2000.000
cache size	: 8192 KB
physical id	: 0
siblings	: 8
core id		: 0
cpu cores	: 4
apicid		: 0
initial apicid	: 0
fpu		: yes
fpu_exception	: yes
cpuid level	: 13
wp		: yes
flags		: fpu vme de pse tsc msr pae mce cx8 apic sep mtrr pge mca cmov pat pse36 clflush dts acpi mmx fxsr sse sse2 ss ht tm pbe syscall nx rdtscp lm constant_tsc arch_perfmon pebs bts rep_good nopl xtopology nonstop_tsc aperfmperf eagerfpu pni pclmulqdq dtes64 monitor ds_cpl vmx smx est tm2 ssse3 cx16 xtpr pdcm pcid sse4_1 sse4_2 x2apic popcnt tsc_deadline_timer aes xsave avx lahf_lm ida arat epb pln pts dtherm tpr_shadow vnmi flexpriority ept vpid xsaveopt
bugs		:
bogomips	: 4589.83
clflush size	: 64
cache_alignment	: 64
address sizes	: 36 bits physical, 48 bits virtual
power management:

processor	: 1
vendor_id	: GenuineIntel
cpu family	: 6
model		: 42
model name	: Intel(R) Core(TM) i7-2820QM CPU @ 2.30GHz
stepping	: 7
microcode	: 0x29
cpu MHz		: 2000.000
cache size	: 8192 KB
physical id	: 0
siblings	: 8
core id		: 1
cpu cores	: 4
apicid		: 2
initial apicid	: 2
fpu		: yes
fpu_exception	: yes
cpuid level	: 13
wp		: yes
flags		: fpu vme de pse tsc msr pae mce cx8 apic sep mtrr pge mca cmov pat pse36 clflush dts acpi mmx fxsr sse sse2 ss ht tm pbe syscall nx rdtscp lm constant_tsc arch_perfmon pebs bts rep_good nopl xtopology nonstop_tsc aperfmperf eagerfpu pni pclmulqdq dtes64 monitor ds_cpl vmx smx est tm2 ssse3 cx16 xtpr pdcm pcid sse4_1 sse4_2 x2apic popcnt tsc_deadline_timer aes xsave avx lahf_lm ida arat epb pln pts dtherm tpr_shadow vnmi flexpriority ept vpid xsaveopt
bugs		:
bogomips	: 4589.83
clflush size	: 64
cache_alignment	: 64
address sizes	: 36 bits physical, 48 bits virtual
power management:

processor	: 2
vendor_id	: GenuineIntel
cpu family	: 6
model		: 42
model name	: Intel(R) Core(TM) i7-2820QM CPU @ 2.30GHz
stepping	: 7
microcode	: 0x29
cpu MHz		: 2000.000
cache size	: 8192 KB
physical id	: 0
siblings	: 8
core id		: 2
cpu cores	: 4
apicid		: 4
initial apicid	: 4
fpu		: yes
fpu_exception	: yes
cpuid level	: 13
wp		: yes
flags		: fpu vme de pse tsc msr pae mce cx8 apic sep mtrr pge mca cmov pat pse36 clflush dts acpi mmx fxsr sse sse2 ss ht tm pbe syscall nx rdtscp lm constant_tsc arch_perfmon pebs bts rep_good nopl xtopology nonstop_tsc aperfmperf eagerfpu pni pclmulqdq dtes64 monitor ds_cpl vmx smx est tm2 ssse3 cx16 xtpr pdcm pcid sse4_1 sse4_2 x2apic popcnt tsc_deadline_timer aes xsave avx lahf_lm ida arat epb pln pts dtherm tpr_shadow vnmi flexpriority ept vpid xsaveopt
bugs		:
bogomips	: 4589.83
clflush size	: 64
cache_alignment	: 64
address sizes	: 36 bits physical, 48 bits virtual
power management:

processor	: 3
vendor_id	: GenuineIntel
cpu family	: 6
model		: 42
model name	: Intel(R) Core(TM) i7-2820QM CPU @ 2.30GHz
stepping	: 7
microcode	: 0x29
cpu MHz		: 1000.000
cache size	: 8192 KB
physical id	: 0
siblings	: 8
core id		: 3
cpu cores	: 4
apicid		: 6
initial apicid	: 6
fpu		: yes
fpu_exception	: yes
cpuid level	: 13
wp		: yes
flags		: fpu vme de pse tsc msr pae mce cx8 apic sep mtrr pge mca cmov pat pse36 clflush dts acpi mmx fxsr sse sse2 ss ht tm pbe syscall nx rdtscp lm constant_tsc arch_perfmon pebs bts rep_good nopl xtopology nonstop_tsc aperfmperf eagerfpu pni pclmulqdq dtes64 monitor ds_cpl vmx smx est tm2 ssse3 cx16 xtpr pdcm pcid sse4_1 sse4_2 x2apic popcnt tsc_deadline_timer aes xsave avx lahf_lm ida arat epb pln pts dtherm tpr_shadow vnmi flexpriority ept vpid xsaveopt
bugs		:
bogomips	: 4589.83
clflush size	: 64
cache_alignment	: 64
address sizes	: 36 bits physical, 48 bits virtual
power management:

processor	: 4
vendor_id	: GenuineIntel
cpu family	: 6
model		: 42
model name	: Intel(R) Core(TM) i7-2820QM CPU @ 2.30GHz
stepping	: 7
microcode	: 0x29
cpu MHz		: 2000.000
cache size	: 8192 KB
physical id	: 0
siblings	: 8
core id		: 0
cpu cores	: 4
apicid		: 1
initial apicid	: 1
fpu		: yes
fpu_exception	: yes
cpuid level	: 13
wp		: yes
flags		: fpu vme de pse tsc msr pae mce cx8 apic sep mtrr pge mca cmov pat pse36 clflush dts acpi mmx fxsr sse sse2 ss ht tm pbe syscall nx rdtscp lm constant_tsc arch_perfmon pebs bts rep_good nopl xtopology nonstop_tsc aperfmperf eagerfpu pni pclmulqdq dtes64 monitor ds_cpl vmx smx est tm2 ssse3 cx16 xtpr pdcm pcid sse4_1 sse4_2 x2apic popcnt tsc_deadline_timer aes xsave avx lahf_lm ida arat epb pln pts dtherm tpr_shadow vnmi flexpriority ept vpid xsaveopt
bugs		:
bogomips	: 4589.83
clflush size	: 64
cache_alignment	: 64
address sizes	: 36 bits physical, 48 bits virtual
power management:

processor	: 5
vendor_id	: GenuineIntel
cpu family	: 6
model		: 42
model name	: Intel(R) Core(TM) i7-2820QM CPU @ 2.30GHz
stepping	: 7
microcode	: 0x29
cpu MHz		: 2000.000
cache size	: 8192 KB
physical id	: 0
siblings	: 8
core id		: 1
cpu cores	: 4
apicid		: 3
initial apicid	: 3
fpu		: yes
fpu_exception	: yes
cpuid level	: 13
wp		: yes
flags		: fpu vme de pse tsc msr pae mce cx8 apic sep mtrr pge mca cmov pat pse36 clflush dts acpi mmx fxsr sse sse2 ss ht tm pbe syscall nx rdtscp lm constant_tsc arch_perfmon pebs bts rep_good nopl xtopology nonstop_tsc aperfmperf eagerfpu pni pclmulqdq dtes64 monitor ds_cpl vmx smx est tm2 ssse3 cx16 xtpr pdcm pcid sse4_1 sse4_2 x2apic popcnt tsc_deadline_timer aes xsave avx lahf_lm ida arat epb pln pts dtherm tpr_shadow vnmi flexpriority ept vpid xsaveopt
bugs		:
bogomips	: 4589.83
clflush size	: 64
cache_alignment	: 64
address sizes	: 36 bits physical, 48 bits virtual
power management:

processor	: 6
vendor_id	: GenuineIntel
cpu family	: 6
model		: 42
model name	: Intel(R) Core(TM) i7-2820QM CPU @ 2.30GHz
stepping	: 7
microcode	: 0x29
cpu MHz		: 2000.000
cache size	: 8192 KB
physical id	: 0
siblings	: 8
core id		: 2
cpu cores	: 4
apicid		: 5
initial apicid	: 5
fpu		: yes
fpu_exception	: yes
cpuid level	: 13
wp		: yes
flags		: fpu vme de pse tsc msr pae mce cx8 apic sep mtrr pge mca cmov pat pse36 clflush dts acpi mmx fxsr sse sse2 ss ht tm pbe syscall nx rdtscp lm constant_tsc arch_perfmon pebs bts rep_good nopl xtopology nonstop_tsc aperfmperf eagerfpu pni pclmulqdq dtes64 monitor ds_cpl vmx smx est tm2 ssse3 cx16 xtpr pdcm pcid sse4_1 sse4_2 x2apic popcnt tsc_deadline_timer aes xsave avx lahf_lm ida arat epb pln pts dtherm tpr_shadow vnmi flexpriority ept vpid xsaveopt
bugs		:
bogomips	: 4589.83
clflush size	: 64
cache_alignment	: 64
address sizes	: 36 bits physical, 48 bits virtual
power management:

processor	: 7
vendor_id	: GenuineIntel
cpu family	: 6
model		: 42
model name	: Intel(R) Core(TM) i7-2820QM CPU @ 2.30GHz
stepping	: 7
microcode	: 0x29
cpu MHz		: 2300.000
cache size	: 8192 KB
physical id	: 0
siblings	: 8
core id		: 3
cpu cores	: 4
apicid		: 7
initial apicid	: 7
fpu		: yes
fpu_exception	: yes
cpuid level	: 13
wp		: yes
flags		: fpu vme de pse tsc msr pae mce cx8 apic sep mtrr pge mca cmov pat pse36 clflush dts acpi mmx fxsr sse sse2 ss ht tm pbe syscall nx rdtscp lm constant_tsc arch_perfmon pebs bts rep_good nopl xtopology nonstop_tsc aperfmperf eagerfpu pni pclmulqdq dtes64 monitor ds_cpl vmx smx est tm2 ssse3 cx16 xtpr pdcm pcid sse4_1 sse4_2 x2apic popcnt tsc_deadline_timer aes xsave avx lahf_lm ida arat epb pln pts dtherm tpr_shadow vnmi flexpriority ept vpid xsaveopt
bugs		:
bogomips	: 4589.83
clflush size	: 64
cache_alignment	: 64
address sizes	: 36 bits physical, 48 bits virtual
power management:



Memory: 4k page, physical 8130844k(776620k free), swap 8392700k(7536076k free)

vm_info: Java HotSpot(TM) 64-Bit Server VM (25.66-b17) for linux-amd64 JRE (1.8.0_66-b17), built on Oct  6 2015 17:28:34 by "java_re" with gcc 4.3.0 20080428 (Red Hat 4.3.0-8)

time: Mon Mar 21 18:18:38 2016
elapsed time: 26457 seconds (0d 7h 20m 57s)

